<?xml version="1.0" encoding="UTF-8"?>
<!-- Generated by org.testng.reporters.JUnitReportReporter -->
<testsuite skipped="0" hostname="Sheenas-MacBook-Air.local" name="CheckCaseProcessingTimes" tests="1" failures="0" timestamp="2022-02-28T17:34:18 PST" time="0.010" errors="0">
  <testcase name="checkMyCase" time="0.010" classname="CheckCaseProcessingTimes"/>
  <system-out/>
</testsuite> <!-- CheckCaseProcessingTimes -->
