<?xml version="1.0" encoding="UTF-8"?>
<!-- Generated by org.testng.reporters.JUnitReportReporter -->
<testsuite skipped="0" hostname="Sheenas-MacBook-Air.local" name="EADCheckTimeTests.CheckCaseProcessingTimes" tests="2" failures="0" timestamp="2022-03-11T14:17:16 PST" time="16.396" errors="0">
  <testcase name="checkMyCase" time="7.871" classname="EADCheckTimeTests.CheckCaseProcessingTimes"/>
  <system-out/>
  <testcase name="checkMyCase" time="8.525" classname="EADCheckTimeTests.CheckCaseProcessingTimes"/>
  <system-out/>
</testsuite> <!-- EADCheckTimeTests.CheckCaseProcessingTimes -->
