<?xml version="1.0" encoding="UTF-8"?>
<!-- Generated by org.testng.reporters.JUnitReportReporter -->
<testsuite skipped="0" hostname="Sheenas-MacBook-Air.local" name="EADCheckTimeTests.CheckCaseStatus" tests="2" failures="0" timestamp="2022-03-11T14:17:16 PST" time="7.579" errors="0">
  <testcase name="checkMyCase" time="3.538" classname="EADCheckTimeTests.CheckCaseStatus"/>
  <system-out/>
  <testcase name="checkMyCase" time="4.041" classname="EADCheckTimeTests.CheckCaseStatus"/>
  <system-out/>
</testsuite> <!-- EADCheckTimeTests.CheckCaseStatus -->
