<?xml version="1.0" encoding="UTF-8"?>
<!-- Generated by org.testng.reporters.JUnitReportReporter -->
<testsuite skipped="0" hostname="Sheenas-MacBook-Air.local" name="EADCheckTimeTests.CheckCaseStatusTracking765" tests="1" failures="0" timestamp="2022-03-28T10:20:36 PDT" time="20.888" errors="1">
  <testcase name="checkCases" time="20.888" classname="EADCheckTimeTests.CheckCaseStatusTracking765">
    <error type="org.testng.internal.reflect.MethodMatcherException" message="
[public void EADCheckTimeTests.CheckCaseStatusTracking765.checkCases(java.lang.String,java.lang.String)] has no parameters defined but was found to be using a data provider (either explicitly specified or inherited from class level annotation).
Data provider mismatch
Method: checkCases([Parameter{index=0, type=java.lang.String, declaredAnnotations=[]}, Parameter{index=1, type=java.lang.String, declaredAnnotations=[]}])
Arguments: [(java.lang.String) 1,(java.lang.String) EAC2290000074,(java.lang.String) Case Was Received,(java.lang.String) On September 27, 2021, we received your Form I-765, Application for Employment Authorization, Receipt Number EAC2290000074, and sent you the receipt notice that describes how we will process your case. Please follow the instructions in the notice. If you have any questions, contact the USCIS Contact Center at www.uscis.gov/contactcenter. If you move, go to www.uscis.gov/addresschange to give us your new mailing address.,(java.lang.String) RIGHT((LEFT(D2,FIND(&quot;, we&quot;,D2)-1)),LEN((LEFT(D2,FIND(&quot;, we&quot;,D2)-1)))-3),null]">
      <![CDATA[org.testng.internal.reflect.MethodMatcherException: 
[public void EADCheckTimeTests.CheckCaseStatusTracking765.checkCases(java.lang.String,java.lang.String)] has no parameters defined but was found to be using a data provider (either explicitly specified or inherited from class level annotation).
Data provider mismatch
Method: checkCases([Parameter{index=0, type=java.lang.String, declaredAnnotations=[]}, Parameter{index=1, type=java.lang.String, declaredAnnotations=[]}])
Arguments: [(java.lang.String) 1,(java.lang.String) EAC2290000074,(java.lang.String) Case Was Received,(java.lang.String) On September 27, 2021, we received your Form I-765, Application for Employment Authorization, Receipt Number EAC2290000074, and sent you the receipt notice that describes how we will process your case. Please follow the instructions in the notice. If you have any questions, contact the USCIS Contact Center at www.uscis.gov/contactcenter. If you move, go to www.uscis.gov/addresschange to give us your new mailing address.,(java.lang.String) RIGHT((LEFT(D2,FIND(", we",D2)-1)),LEN((LEFT(D2,FIND(", we",D2)-1)))-3),null]
at org.testng.internal.reflect.DataProviderMethodMatcher.getConformingArguments(DataProviderMethodMatcher.java:43)
at org.testng.internal.Parameters.injectParameters(Parameters.java:914)
at org.testng.internal.MethodRunner.runInSequence(MethodRunner.java:34)
at org.testng.internal.TestInvoker$MethodInvocationAgent.invoke(TestInvoker.java:824)
at org.testng.internal.TestInvoker.invokeTestMethods(TestInvoker.java:146)
at org.testng.internal.TestMethodWorker.invokeTestMethods(TestMethodWorker.java:146)
at org.testng.internal.TestMethodWorker.run(TestMethodWorker.java:128)
at java.util.ArrayList.forEach(ArrayList.java:1259)
at org.testng.TestRunner.privateRun(TestRunner.java:794)
at org.testng.TestRunner.run(TestRunner.java:596)
at org.testng.SuiteRunner.runTest(SuiteRunner.java:377)
at org.testng.SuiteRunner.runSequentially(SuiteRunner.java:371)
at org.testng.SuiteRunner.privateRun(SuiteRunner.java:332)
at org.testng.SuiteRunner.run(SuiteRunner.java:276)
at org.testng.SuiteRunnerWorker.runSuite(SuiteRunnerWorker.java:53)
at org.testng.SuiteRunnerWorker.run(SuiteRunnerWorker.java:96)
at org.testng.TestNG.runSuitesSequentially(TestNG.java:1212)
at org.testng.TestNG.runSuitesLocally(TestNG.java:1134)
at org.testng.TestNG.runSuites(TestNG.java:1063)
at org.testng.TestNG.run(TestNG.java:1031)
at org.testng.remote.AbstractRemoteTestNG.run(AbstractRemoteTestNG.java:115)
at org.testng.remote.RemoteTestNG.initAndRun(RemoteTestNG.java:251)
at org.testng.remote.RemoteTestNG.main(RemoteTestNG.java:77)
]]>
    </error>
  </testcase> <!-- checkCases -->
  <system-out/>
</testsuite> <!-- EADCheckTimeTests.CheckCaseStatusTracking765 -->
