<?xml version="1.0" encoding="UTF-8"?>
<!-- Generated by org.testng.reporters.JUnitReportReporter -->
<testsuite hostname="Sheenas-MacBook-Air.local" name="EADCheckTimeTests.CheckCaseProcessingTimes" tests="2" failures="0" timestamp="10 Mar 2022 23:24:22 GMT" time="15.018" errors="0">
  <testcase name="checkMyCase" time="7.909" classname="EADCheckTimeTests.CheckCaseProcessingTimes"/>
  <testcase name="checkMyCase" time="7.109" classname="EADCheckTimeTests.CheckCaseProcessingTimes"/>
</testsuite> <!-- EADCheckTimeTests.CheckCaseProcessingTimes -->
