<?xml version="1.0" encoding="UTF-8"?>
<!-- Generated by org.testng.reporters.JUnitReportReporter -->
<testsuite hostname="Sheenas-MacBook-Air.local" name="EADCheckTimeTests.CheckCaseStatus" tests="2" failures="0" timestamp="10 Mar 2022 23:24:22 GMT" time="5.258" errors="0">
  <testcase name="checkMyCase" time="2.739" classname="EADCheckTimeTests.CheckCaseStatus"/>
  <testcase name="checkMyCase" time="2.519" classname="EADCheckTimeTests.CheckCaseStatus"/>
</testsuite> <!-- EADCheckTimeTests.CheckCaseStatus -->
